Installing dependency packages...
Installed nodejs & npm packages.
nodejs-0.10.36-4.fc22.x86_64
nodejs-abbrev-1.0.4-8.fc21.noarch
nodejs-ansi-0.2.1-2.fc21.noarch
nodejs-archy-0.0.2-10.fc21.noarch
nodejs-asn1-0.1.11-5.fc21.noarch
nodejs-assert-plus-0.1.4-2.fc21.noarch
nodejs-async-0.2.10-2.fc21.noarch
nodejs-aws-sign-0.3.0-3.fc21.noarch
nodejs-block-stream-0.0.7-2.fc21.noarch
nodejs-boom-0.4.2-4.fc21.noarch
nodejs-child-process-close-0.1.1-4.fc21.noarch
nodejs-chmodr-0.1.0-6.fc21.noarch
nodejs-chownr-0.0.1-11.fc21.noarch
nodejs-cmd-shim-1.1.0-5.fc21.noarch
nodejs-combined-stream-0.0.4-5.fc21.noarch
nodejs-config-chain-1.1.7-3.fc21.noarch
nodejs-cookie-jar-0.3.0-3.fc21.noarch
nodejs-cryptiles-0.2.2-2.fc21.noarch
nodejs-ctype-0.5.3-5.fc21.noarch
nodejs-delayed-stream-0.0.5-7.fc21.noarch
nodejs-devel-0.10.36-4.fc22.x86_64
nodejs-editor-0.0.4-4.fc21.noarch
nodejs-forever-agent-0.5.0-3.fc21.noarch
nodejs-form-data-0.1.1-2.fc21.noarch
nodejs-fstream-0.1.24-2.fc21.noarch
nodejs-fstream-ignore-0.0.7-3.fc21.noarch
nodejs-fstream-npm-0.1.5-3.fc21.noarch
nodejs-github-url-from-git-1.1.1-4.fc21.noarch
nodejs-glob-3.2.6-2.fc21.noarch
nodejs-graceful-fs-2.0.0-4.fc21.noarch
nodejs-hawk-1.0.0-2.fc21.noarch
nodejs-hoek-0.9.1-3.fc21.noarch
nodejs-http-signature-0.10.0-5.fc21.noarch
nodejs-inherits-2.0.1-5.fc22.noarch
nodejs-ini-1.1.0-5.fc21.noarch
nodejs-init-package-json-0.0.10-3.fc21.noarch
nodejs-json-stringify-safe-5.0.0-3.fc21.noarch
nodejs-lockfile-0.4.2-2.fc21.noarch
nodejs-lru-cache-2.3.0-5.fc21.noarch
nodejs-mime-1.2.11-2.fc21.noarch
nodejs-minimatch-0.2.12-4.fc21.noarch
nodejs-mkdirp-0.3.5-5.fc21.noarch
nodejs-mute-stream-0.0.4-2.fc21.noarch
nodejs-node-uuid-1.4.1-2.fc21.noarch
nodejs-nopt-2.1.2-2.fc21.noarch
nodejs-normalize-package-data-0.2.1-2.fc21.noarch
nodejs-npmconf-0.1.3-2.fc21.noarch
nodejs-npmlog-0.0.4-3.fc21.noarch
nodejs-npm-registry-client-0.2.28-3.fc22.noarch
nodejs-npm-user-validate-0.0.3-3.fc21.noarch
nodejs-oauth-sign-0.3.0-3.fc21.noarch
nodejs-once-1.1.1-7.fc21.noarch
nodejs-opener-1.3.0-9.fc21.noarch
nodejs-osenv-0.0.3-7.fc21.noarch
nodejs-packaging-7-2.fc21.noarch
nodejs-promzard-0.2.0-8.fc21.noarch
nodejs-proto-list-1.2.2-7.fc21.noarch
nodejs-qs-0.6.6-3.fc22.noarch
nodejs-read-1.0.5-2.fc21.noarch
nodejs-read-installed-0.2.4-3.fc21.noarch
nodejs-read-package-json-1.1.3-2.fc21.noarch
nodejs-request-2.25.0-2.fc21.noarch
nodejs-retry-0.6.0-7.fc21.noarch
nodejs-rimraf-2.2.2-2.fc21.noarch
nodejs-semver-2.1.0-3.fc21.noarch
nodejs-sha-1.2.1-2.fc21.noarch
nodejs-sigmund-1.0.0-7.fc21.noarch
nodejs-slide-1.1.5-2.fc21.noarch
nodejs-sntp-0.2.4-3.fc21.noarch
nodejs-tar-0.1.18-2.fc21.noarch
nodejs-tunnel-agent-0.3.0-3.fc21.noarch
nodejs-uid-number-0.0.3-9.fc21.noarch
nodejs-which-1.0.5-10.fc21.noarch
npm-1.3.6-6.fc21.noarch
-------------------------------------------------------------------------------
Using branch paperwork/develop.
-------------------------------------------------------------------------------
Composer install...
Generating optimized class loader
-------------------------------------------------------------------------------
Migrating the database.
-------------------------------------------------------------------------------
Installing npm modules: gulp & bower.
/usr/bin/bower -> /usr/lib/node_modules/bower/bin/bower
/usr/bin/gulp -> /usr/lib/node_modules/gulp/bin/gulp.js
/usr/lib
├── bower@1.5.3 
└── gulp@3.9.0 

-------------------------------------------------------------------------------
Installed npm modules.
/usr/lib
├── abbrev@1.0.4
├── ansi@0.2.1
├── archy@0.0.2
├── asn1@0.1.11
├── assert-plus@0.1.4
├── aws-sign@0.3.0
├─┬ block-stream@0.0.7
│ └── inherits@2.0.1 -> /usr/lib/node_modules/inherits@2
├─┬ boom@0.4.2
│ └── hoek@0.9.1 -> /usr/lib/node_modules/hoek
├─┬ bower@1.5.3
│ ├── abbrev@1.0.7
│ ├── archy@1.0.0
│ ├─┬ bower-config@0.6.1
│ │ ├── graceful-fs@2.0.3
│ │ ├── mout@0.9.1
│ │ ├─┬ optimist@0.6.1
│ │ │ ├── minimist@0.0.10
│ │ │ └── wordwrap@0.0.3
│ │ └── osenv@0.0.3
│ ├── bower-endpoint-parser@0.2.2
│ ├─┬ bower-json@0.4.0
│ │ ├── deep-extend@0.2.11
│ │ ├── graceful-fs@2.0.3
│ │ └── intersect@0.0.3
│ ├── bower-logger@0.2.2
│ ├─┬ bower-registry-client@0.3.0
│ │ ├── async@0.2.10
│ │ ├── graceful-fs@2.0.3
│ │ ├── lru-cache@2.3.1
│ │ ├── mkdirp@0.3.5
│ │ ├─┬ request@2.51.0
│ │ │ ├── caseless@0.8.0
│ │ │ ├─┬ hawk@1.1.1
│ │ │ │ ├── boom@0.4.2
│ │ │ │ ├── cryptiles@0.2.2
│ │ │ │ ├── hoek@0.9.1
│ │ │ │ └── sntp@0.2.4
│ │ │ ├── mime-types@1.0.2
│ │ │ └── oauth-sign@0.5.0
│ │ ├── request-replay@0.2.0
│ │ └── rimraf@2.2.8
│ ├─┬ cardinal@0.4.4
│ │ ├── ansicolors@0.2.1
│ │ └─┬ redeyed@0.4.4
│ │   └── esprima@1.0.4
│ ├─┬ chalk@1.1.1
│ │ ├── ansi-styles@2.1.0
│ │ ├── escape-string-regexp@1.0.3
│ │ ├─┬ has-ansi@2.0.0
│ │ │ └── ansi-regex@2.0.0
│ │ ├── strip-ansi@3.0.0
│ │ └── supports-color@2.0.0
│ ├── chmodr@0.1.0
│ ├─┬ configstore@0.3.2
│ │ ├─┬ js-yaml@3.4.2
│ │ │ ├─┬ argparse@1.0.2
│ │ │ │ └── sprintf-js@1.0.3
│ │ │ └── esprima@2.2.0
│ │ ├── object-assign@2.1.1
│ │ ├─┬ osenv@0.1.3
│ │ │ ├── os-homedir@1.0.1
│ │ │ └── os-tmpdir@1.0.1
│ │ ├── uuid@2.0.1
│ │ └── xdg-basedir@1.0.1
│ ├─┬ decompress-zip@0.1.0
│ │ ├─┬ binary@0.3.0
│ │ │ ├── buffers@0.1.1
│ │ │ └─┬ chainsaw@0.1.0
│ │ │   └── traverse@0.3.9
│ │ ├── mkpath@0.1.0
│ │ ├─┬ readable-stream@1.1.13
│ │ │ ├── core-util-is@1.0.1
│ │ │ ├── isarray@0.0.1
│ │ │ └── string_decoder@0.10.31
│ │ └─┬ touch@0.0.3
│ │   └── nopt@1.0.10
│ ├─┬ fstream@1.0.8
│ │ ├── graceful-fs@4.1.2
│ │ └── inherits@2.0.1
│ ├─┬ fstream-ignore@1.0.2
│ │ └─┬ minimatch@2.0.10
│ │   └─┬ brace-expansion@1.1.1
│ │     ├── balanced-match@0.2.0
│ │     └── concat-map@0.0.1
│ ├─┬ github@0.2.4
│ │ └── mime@1.3.4
│ ├─┬ glob@4.5.3
│ │ ├─┬ inflight@1.0.4
│ │ │ └── wrappy@1.0.1
│ │ ├── minimatch@2.0.10
│ │ └── once@1.3.2
│ ├── graceful-fs@3.0.8
│ ├─┬ handlebars@2.0.0
│ │ ├── optimist@0.3.7
│ │ └─┬ uglify-js@2.3.6
│ │   ├── optimist@0.3.7
│ │   └─┬ source-map@0.1.43
│ │     └── amdefine@1.0.0
│ ├─┬ inquirer@0.8.0
│ │ ├── ansi-regex@1.1.1
│ │ ├─┬ chalk@0.5.1
│ │ │ ├── ansi-styles@1.1.0
│ │ │ ├─┬ has-ansi@0.1.0
│ │ │ │ └── ansi-regex@0.2.1
│ │ │ ├─┬ strip-ansi@0.3.0
│ │ │ │ └── ansi-regex@0.2.1
│ │ │ └── supports-color@0.2.0
│ │ ├─┬ cli-color@0.3.3
│ │ │ ├── d@0.1.1
│ │ │ ├─┬ es5-ext@0.10.7
│ │ │ │ ├── es6-iterator@0.1.3
│ │ │ │ └── es6-symbol@2.0.1
│ │ │ ├─┬ memoizee@0.3.9
│ │ │ │ ├── es6-weak-map@0.1.4
│ │ │ │ ├── event-emitter@0.3.3
│ │ │ │ ├── lru-queue@0.1.0
│ │ │ │ └── next-tick@0.2.2
│ │ │ └── timers-ext@0.1.0
│ │ ├── figures@1.4.0
│ │ ├── lodash@2.4.2
│ │ ├── mute-stream@0.0.4
│ │ ├─┬ readline2@0.1.1
│ │ │ └─┬ strip-ansi@2.0.1
│ │ │   └── ansi-regex@1.1.1
│ │ ├── rx@2.5.3
│ │ └── through@2.3.8
│ ├─┬ insight@0.7.0
│ │ ├── async@1.4.2
│ │ ├─┬ configstore@1.2.1
│ │ │ ├── graceful-fs@4.1.2
│ │ │ ├── object-assign@3.0.0
│ │ │ ├── osenv@0.1.3
│ │ │ ├─┬ write-file-atomic@1.1.3
│ │ │ │ ├── graceful-fs@4.1.2
│ │ │ │ └── slide@1.1.6
│ │ │ └── xdg-basedir@2.0.0
│ │ ├─┬ inquirer@0.10.1
│ │ │ ├── ansi-escapes@1.1.0
│ │ │ ├─┬ cli-cursor@1.0.2
│ │ │ │ └─┬ restore-cursor@1.0.1
│ │ │ │   ├── exit-hook@1.1.1
│ │ │ │   └── onetime@1.0.0
│ │ │ ├── cli-width@1.0.1
│ │ │ ├── lodash@3.10.1
│ │ │ ├─┬ readline2@1.0.1
│ │ │ │ ├─┬ code-point-at@1.0.0
│ │ │ │ │ └── number-is-nan@1.0.0
│ │ │ │ ├── is-fullwidth-code-point@1.0.0
│ │ │ │ └── mute-stream@0.0.5
│ │ │ ├── run-async@0.1.0
│ │ │ └── rx-lite@3.1.2
│ │ ├─┬ lodash.debounce@3.1.1
│ │ │ └── lodash._getnative@3.9.1
│ │ ├── object-assign@4.0.1
│ │ ├─┬ os-name@1.0.3
│ │ │ ├─┬ osx-release@1.1.0
│ │ │ │ └── minimist@1.2.0
│ │ │ └─┬ win-release@1.1.1
│ │ │   └── semver@5.0.3
│ │ └── tough-cookie@2.0.0
│ ├── is-root@1.0.0
│ ├── junk@1.0.2
│ ├── lockfile@1.0.1
│ ├── lru-cache@2.7.0
│ ├─┬ md5-hex@1.1.0
│ │ └── md5-o-matic@0.1.1
│ ├─┬ mkdirp@0.5.0
│ │ └── minimist@0.0.8
│ ├── mout@0.11.0
│ ├── nopt@3.0.4
│ ├── opn@1.0.2
│ ├─┬ p-throttler@0.1.1
│ │ └── q@0.9.7
│ ├─┬ promptly@0.2.0
│ │ └── read@1.0.7
│ ├── q@1.4.1
│ ├─┬ request@2.53.0
│ │ ├── aws-sign2@0.5.0
│ │ ├─┬ bl@0.9.4
│ │ │ └── readable-stream@1.0.33
│ │ ├── caseless@0.9.0
│ │ ├─┬ combined-stream@0.0.7
│ │ │ └── delayed-stream@0.0.5
│ │ ├── forever-agent@0.5.2
│ │ ├─┬ form-data@0.2.0
│ │ │ ├── async@0.9.2
│ │ │ └── mime-types@2.0.14
│ │ ├─┬ hawk@2.3.1
│ │ │ ├── boom@2.9.0
│ │ │ ├── cryptiles@2.0.5
│ │ │ ├── hoek@2.16.3
│ │ │ └── sntp@1.0.9
│ │ ├─┬ http-signature@0.10.1
│ │ │ ├── asn1@0.1.11
│ │ │ ├── assert-plus@0.1.5
│ │ │ └── ctype@0.5.3
│ │ ├── isstream@0.1.2
│ │ ├── json-stringify-safe@5.0.1
│ │ ├─┬ mime-types@2.0.14
│ │ │ └── mime-db@1.12.0
│ │ ├── node-uuid@1.4.3
│ │ ├── oauth-sign@0.6.0
│ │ ├── qs@2.3.3
│ │ ├── stringstream@0.0.4
│ │ └── tunnel-agent@0.4.1
│ ├─┬ request-progress@0.3.1
│ │ └── throttleit@0.0.2
│ ├── retry@0.6.1
│ ├─┬ rimraf@2.4.3
│ │ └─┬ glob@5.0.15
│ │   ├── minimatch@3.0.0
│ │   └── path-is-absolute@1.0.0
│ ├── semver@2.3.2
│ ├─┬ shell-quote@1.4.3
│ │ ├── array-filter@0.0.1
│ │ ├── array-map@0.0.0
│ │ ├── array-reduce@0.0.0
│ │ └── jsonify@0.0.0
│ ├── stringify-object@1.0.1
│ ├─┬ tar-fs@1.8.1
│ │ ├─┬ pump@1.0.0
│ │ │ └── end-of-stream@1.1.0
│ │ └─┬ tar-stream@1.2.1
│ │   ├── bl@1.0.0
│ │   ├─┬ readable-stream@2.0.2
│ │   │ ├── process-nextick-args@1.0.3
│ │   │ └── util-deprecate@1.0.1
│ │   └── xtend@4.0.0
│ ├── tmp@0.0.24
│ ├─┬ update-notifier@0.3.2
│ │ ├── is-npm@1.0.0
│ │ ├─┬ latest-version@1.0.1
│ │ │ └─┬ package-json@1.2.0
│ │ │   ├─┬ got@3.3.1
│ │ │   │ ├─┬ duplexify@3.4.2
│ │ │   │ │ ├── end-of-stream@1.0.0
│ │ │   │ │ └── readable-stream@2.0.2
│ │ │   │ ├── infinity-agent@2.0.3
│ │ │   │ ├── is-redirect@1.0.0
│ │ │   │ ├── is-stream@1.0.1
│ │ │   │ ├── lowercase-keys@1.0.0
│ │ │   │ ├── nested-error-stacks@1.0.1
│ │ │   │ ├── object-assign@3.0.0
│ │ │   │ ├── prepend-http@1.0.3
│ │ │   │ ├─┬ read-all-stream@3.0.1
│ │ │   │ │ ├─┬ pinkie-promise@1.0.0
│ │ │   │ │ │ └── pinkie@1.0.0
│ │ │   │ │ └── readable-stream@2.0.2
│ │ │   │ └── timed-out@2.0.0
│ │ │   └─┬ registry-url@3.0.3
│ │ │     └─┬ rc@1.1.1
│ │ │       ├── ini@1.3.4
│ │ │       ├── minimist@1.2.0
│ │ │       └── strip-json-comments@0.1.3
│ │ ├─┬ semver-diff@2.0.0
│ │ │ └── semver@4.3.6
│ │ └── string-length@1.0.1
│ ├── user-home@1.1.1
│ └─┬ which@1.1.2
│   └─┬ is-absolute@0.1.7
│     └── is-relative@0.1.3
├── child-process-close@0.1.1
├── chmodr@0.1.0
├── chownr@0.0.1
├─┬ cmd-shim@1.1.0
│ ├── UNMET OPTIONAL DEPENDENCY graceful-fs@1.2
│ └── mkdirp@0.3.5 -> /usr/lib/node_modules/mkdirp
├─┬ config-chain@1.1.7
│ ├── ini@1.1.0
│ └── proto-list@1.2.2
├── cookie-jar@0.3.0
├─┬ cryptiles@0.2.2
│ └── boom@0.4.2 -> /usr/lib/node_modules/boom
├── ctype@0.5.3
├── editor@0.0.4
├── forever-agent@0.5.0
├─┬ form-data@0.1.1
│ ├── async@0.2.10
│ ├─┬ combined-stream@0.0.4
│ │ └── delayed-stream@0.0.5
│ └── mime@1.2.11
├─┬ fstream@0.1.24
│ ├── graceful-fs@2.0.0 -> /usr/lib/node_modules/graceful-fs
│ ├── inherits@2.0.1 -> /usr/lib/node_modules/inherits@2
│ ├── mkdirp@0.3.5 -> /usr/lib/node_modules/mkdirp
│ └── rimraf@2.2.2 -> /usr/lib/node_modules/rimraf
├─┬ fstream-ignore@0.0.7
│ ├── fstream@0.1.24 -> /usr/lib/node_modules/fstream
│ ├── inherits@2.0.1 -> /usr/lib/node_modules/inherits@2
│ └── minimatch@0.2.12 -> /usr/lib/node_modules/minimatch
├─┬ fstream-npm@0.1.5
│ ├── fstream-ignore@0.0.7 -> /usr/lib/node_modules/fstream-ignore
│ └── inherits@2.0.1 -> /usr/lib/node_modules/inherits@2
├── github-url-from-git@1.1.1
├─┬ glob@3.2.6
│ ├── inherits@2.0.1 -> /usr/lib/node_modules/inherits@2
│ └── minimatch@0.2.12 -> /usr/lib/node_modules/minimatch
├─┬ gulp@3.9.0
│ ├── archy@1.0.0
│ ├─┬ chalk@1.1.1
│ │ ├── ansi-styles@2.1.0
│ │ ├── escape-string-regexp@1.0.3
│ │ ├─┬ has-ansi@2.0.0
│ │ │ └── ansi-regex@2.0.0
│ │ ├── strip-ansi@3.0.0
│ │ └── supports-color@2.0.0
│ ├── deprecated@0.0.1
│ ├─┬ gulp-util@3.0.6
│ │ ├── array-differ@1.0.0
│ │ ├── array-uniq@1.0.2
│ │ ├── beeper@1.1.0
│ │ ├─┬ dateformat@1.0.11
│ │ │ ├── get-stdin@5.0.0
│ │ │ └─┬ meow@3.3.0
│ │ │   ├─┬ camelcase-keys@1.0.0
│ │ │   │ ├── camelcase@1.2.1
│ │ │   │ └── map-obj@1.0.1
│ │ │   └─┬ indent-string@1.2.2
│ │ │     ├── get-stdin@4.0.1
│ │ │     └─┬ repeating@1.1.3
│ │ │       └─┬ is-finite@1.0.1
│ │ │         └── number-is-nan@1.0.0
│ │ ├── lodash._reescape@3.0.0
│ │ ├── lodash._reevaluate@3.0.0
│ │ ├── lodash._reinterpolate@3.0.0
│ │ ├─┬ lodash.template@3.6.2
│ │ │ ├── lodash._basecopy@3.0.1
│ │ │ ├── lodash._basetostring@3.0.1
│ │ │ ├── lodash._basevalues@3.0.0
│ │ │ ├── lodash._isiterateecall@3.0.9
│ │ │ ├── lodash.escape@3.0.0
│ │ │ ├─┬ lodash.keys@3.1.2
│ │ │ │ ├── lodash._getnative@3.9.1
│ │ │ │ ├── lodash.isarguments@3.0.4
│ │ │ │ └── lodash.isarray@3.0.4
│ │ │ ├── lodash.restparam@3.6.1
│ │ │ └── lodash.templatesettings@3.1.0
│ │ ├─┬ multipipe@0.1.2
│ │ │ └─┬ duplexer2@0.0.2
│ │ │   └── readable-stream@1.1.13
│ │ ├── object-assign@3.0.0
│ │ ├── replace-ext@0.0.1
│ │ ├─┬ through2@2.0.0
│ │ │ ├─┬ readable-stream@2.0.2
│ │ │ │ ├── core-util-is@1.0.1
│ │ │ │ ├── inherits@2.0.1
│ │ │ │ ├── isarray@0.0.1
│ │ │ │ ├── process-nextick-args@1.0.3
│ │ │ │ ├── string_decoder@0.10.31
│ │ │ │ └── util-deprecate@1.0.1
│ │ │ └── xtend@4.0.0
│ │ └─┬ vinyl@0.5.3
│ │   ├── clone@1.0.2
│ │   └── clone-stats@0.0.1
│ ├── interpret@0.6.6
│ ├─┬ liftoff@2.2.0
│ │ ├── extend@2.0.1
│ │ ├─┬ findup-sync@0.3.0
│ │ │ └─┬ glob@5.0.15
│ │ │   ├── inflight@1.0.4
│ │ │   ├── minimatch@3.0.0
│ │ │   └── path-is-absolute@1.0.0
│ │ ├── flagged-respawn@0.3.1
│ │ ├── rechoir@0.6.2
│ │ └── resolve@1.1.6
│ ├── minimist@1.2.0
│ ├─┬ orchestrator@0.3.7
│ │ ├─┬ end-of-stream@0.1.5
│ │ │ └─┬ once@1.3.2
│ │ │   └── wrappy@1.0.1
│ │ ├── sequencify@0.0.7
│ │ └── stream-consume@0.1.0
│ ├── pretty-hrtime@1.0.1
│ ├── semver@4.3.6
│ ├─┬ tildify@1.1.1
│ │ └── os-homedir@1.0.1
│ ├─┬ v8flags@2.0.10
│ │ └── user-home@1.1.1
│ └─┬ vinyl-fs@0.3.14
│   ├─┬ defaults@1.0.2
│   │ └── clone@0.1.19
│   ├─┬ glob-stream@3.1.18
│   │ ├── glob@4.5.3
│   │ ├─┬ glob2base@0.0.12
│   │ │ └── find-index@0.1.1
│   │ ├─┬ minimatch@2.0.10
│   │ │ └─┬ brace-expansion@1.1.1
│   │ │   ├── balanced-match@0.2.0
│   │ │   └── concat-map@0.0.1
│   │ ├── ordered-read-streams@0.1.0
│   │ ├─┬ through2@0.6.5
│   │ │ └── readable-stream@1.0.33
│   │ └── unique-stream@1.0.0
│   ├─┬ glob-watcher@0.0.6
│   │ └─┬ gaze@0.5.1
│   │   └─┬ globule@0.1.0
│   │     ├─┬ glob@3.1.21
│   │     │ ├── graceful-fs@1.2.3
│   │     │ └── inherits@1.0.2
│   │     ├── lodash@1.0.2
│   │     └─┬ minimatch@0.2.14
│   │       ├── lru-cache@2.7.0
│   │       └── sigmund@1.0.1
│   ├── graceful-fs@3.0.8
│   ├─┬ mkdirp@0.5.1
│   │ └── minimist@0.0.8
│   ├─┬ strip-bom@1.0.0
│   │ ├── first-chunk-stream@1.0.0
│   │ └── is-utf8@0.2.0
│   ├─┬ through2@0.6.5
│   │ └── readable-stream@1.0.33
│   └─┬ vinyl@0.4.6
│     └── clone@0.2.0
├─┬ hawk@1.0.0
│ ├── boom@0.4.2 -> /usr/lib/node_modules/boom
│ ├── cryptiles@0.2.2 -> /usr/lib/node_modules/cryptiles
│ ├── hoek@0.9.1 -> /usr/lib/node_modules/hoek
│ └── sntp@0.2.4 -> /usr/lib/node_modules/sntp
├── hoek@0.9.1
├─┬ http-signature@0.10.0
│ ├── asn1@0.1.11 -> /usr/lib/node_modules/asn1
│ ├── assert-plus@0.1.4 -> /usr/lib/node_modules/assert-plus
│ └── ctype@0.5.3 -> /usr/lib/node_modules/ctype
├── inherits@2.0.1 -> /usr/lib/node_modules/inherits@2
├─┬ init-package-json@0.0.10
│ ├── promzard@0.2.0 -> /usr/lib/node_modules/promzard
│ ├─┬ read@1.0.5 -> /usr/lib/node_modules/read
│ │ └── mute-stream@0.0.4 -> /usr/lib/node_modules/mute-stream
│ ├── read-package-json@1.1.3 -> /usr/lib/node_modules/read-package-json
│ └── semver@2.1.0 -> /usr/lib/node_modules/semver
├── json-stringify-safe@5.0.0
├── lockfile@0.4.2
├── lru-cache@2.3.0
├─┬ minimatch@0.2.12
│ ├── lru-cache@2.3.0 -> /usr/lib/node_modules/lru-cache
│ └── sigmund@1.0.0 -> /usr/lib/node_modules/sigmund
├── mkdirp@0.3.5
├── mute-stream@0.0.4
├─┬ node-gyp@0.10.6
│ ├── fstream@0.1.24 -> /usr/lib/node_modules/fstream
│ ├── glob@3.2.6 -> /usr/lib/node_modules/glob
│ ├── graceful-fs@2.0.0 -> /usr/lib/node_modules/graceful-fs
│ ├── minimatch@0.2.12 -> /usr/lib/node_modules/minimatch
│ ├── mkdirp@0.3.5 -> /usr/lib/node_modules/mkdirp
│ ├── nopt@2.1.2 -> /usr/lib/node_modules/nopt
│ ├── npmlog@0.0.4 -> /usr/lib/node_modules/npmlog
│ ├── osenv@0.0.3 -> /usr/lib/node_modules/osenv
│ ├── request@2.25.0 -> /usr/lib/node_modules/request
│ ├── rimraf@2.2.2 -> /usr/lib/node_modules/rimraf
│ ├── semver@2.1.0 -> /usr/lib/node_modules/semver
│ ├── tar@0.1.18 -> /usr/lib/node_modules/tar
│ └── which@1.0.5 -> /usr/lib/node_modules/which
├── node-uuid@1.4.1
├─┬ nopt@2.1.2
│ └── abbrev@1.0.4 -> /usr/lib/node_modules/abbrev
├─┬ normalize-package-data@0.2.1
│ ├── github-url-from-git@1.1.1 -> /usr/lib/node_modules/github-url-from-git
│ └── semver@2.1.0 -> /usr/lib/node_modules/semver
├─┬ npm@3.3.4
│ ├── abbrev@1.0.7
│ ├── ansicolors@0.3.2
│ ├── ansistyles@0.1.3
│ ├── aproba@1.0.1
│ ├── archy@1.0.0
│ ├── async-some@1.0.2
│ ├── chownr@1.0.1
│ ├─┬ cmd-shim@2.0.1
│ │ └── graceful-fs@3.0.8
│ ├─┬ columnify@1.5.2
│ │ ├─┬ strip-ansi@3.0.0
│ │ │ └── ansi-regex@2.0.0
│ │ └─┬ wcwidth@1.0.0
│ │   └─┬ defaults@1.0.2
│ │     └── clone@0.1.19
│ ├─┬ config-chain@1.1.9
│ │ └── proto-list@1.2.4
│ ├─┬ dezalgo@1.0.3
│ │ └── asap@2.0.3
│ ├── editor@1.0.0
│ ├── fs-vacuum@1.2.7
│ ├── fs-write-stream-atomic@1.0.4
│ ├── fstream@1.0.8
│ ├─┬ fstream-npm@1.0.5
│ │ └── fstream-ignore@1.0.2
│ ├─┬ glob@5.0.14
│ │ ├─┬ minimatch@2.0.10
│ │ │ └─┬ brace-expansion@1.1.0
│ │ │   ├── balanced-match@0.2.0
│ │ │   └── concat-map@0.0.1
│ │ └── path-is-absolute@1.0.0
│ ├── graceful-fs@4.1.2
│ ├── has-unicode@1.0.0
│ ├── hosted-git-info@2.1.4
│ ├── iferr@0.1.5
│ ├── inflight@1.0.4
│ ├── inherits@2.0.1
│ ├── ini@1.3.4
│ ├─┬ init-package-json@1.9.1
│ │ ├── promzard@0.3.0
│ │ └─┬ validate-npm-package-license@3.0.1
│ │   ├─┬ spdx-correct@1.0.1
│ │   │ └── spdx-license-ids@1.0.2
│ │   └─┬ spdx-expression-parse@1.0.0
│ │     └── spdx-exceptions@1.0.2
│ ├── lockfile@1.0.1
│ ├─┬ lodash.clonedeep@3.0.2
│ │ ├─┬ lodash._baseclone@3.3.0
│ │ │ ├── lodash._arraycopy@3.0.0
│ │ │ ├── lodash._arrayeach@3.0.0
│ │ │ ├─┬ lodash._baseassign@3.2.0
│ │ │ │ └── lodash._basecopy@3.0.1
│ │ │ ├── lodash._basefor@3.0.2
│ │ │ └── lodash.keys@3.1.2
│ │ └── lodash._bindcallback@3.0.1
│ ├─┬ lodash.union@3.1.0
│ │ ├─┬ lodash._baseflatten@3.1.4
│ │ │ └── lodash.isarguments@3.0.4
│ │ ├─┬ lodash._baseuniq@3.0.3
│ │ │ ├── lodash._baseindexof@3.1.0
│ │ │ ├── lodash._cacheindexof@3.0.2
│ │ │ └── lodash._createcache@3.1.2
│ │ └── lodash.restparam@3.6.1
│ ├─┬ lodash.uniq@3.2.2
│ │ ├─┬ lodash._basecallback@3.3.1
│ │ │ ├─┬ lodash._baseisequal@3.0.7
│ │ │ │ └── lodash.istypedarray@3.0.2
│ │ │ └── lodash.pairs@3.0.1
│ │ ├── lodash._getnative@3.9.1
│ │ ├── lodash._isiterateecall@3.0.9
│ │ └── lodash.isarray@3.0.4
│ ├─┬ lodash.without@3.2.1
│ │ └── lodash._basedifference@3.0.3
│ ├─┬ mkdirp@0.5.1
│ │ └── minimist@0.0.8
│ ├─┬ node-gyp@3.0.3
│ │ ├─┬ glob@4.5.3
│ │ │ └── minimatch@2.0.10
│ │ ├─┬ minimatch@1.0.0
│ │ │ ├── lru-cache@2.6.5
│ │ │ └── sigmund@1.0.1
│ │ ├─┬ path-array@1.0.0
│ │ │ └─┬ array-index@0.1.1
│ │ │   └─┬ debug@2.2.0
│ │ │     └── ms@0.7.1
│ │ ├─┬ request@2.62.0
│ │ │ ├── aws-sign2@0.5.0
│ │ │ ├─┬ bl@1.0.0
│ │ │ │ └── readable-stream@2.0.2
│ │ │ ├── caseless@0.11.0
│ │ │ ├─┬ combined-stream@1.0.5
│ │ │ │ └── delayed-stream@1.0.0
│ │ │ ├── extend@3.0.0
│ │ │ ├── forever-agent@0.6.1
│ │ │ ├─┬ form-data@1.0.0-rc3
│ │ │ │ └── async@1.4.2
│ │ │ ├─┬ har-validator@1.8.0
│ │ │ │ ├── bluebird@2.10.0
│ │ │ │ ├─┬ chalk@1.1.1
│ │ │ │ │ ├── ansi-styles@2.1.0
│ │ │ │ │ ├── escape-string-regexp@1.0.3
│ │ │ │ │ ├── has-ansi@2.0.0
│ │ │ │ │ └── supports-color@2.0.0
│ │ │ │ ├─┬ commander@2.8.1
│ │ │ │ │ └── graceful-readlink@1.0.1
│ │ │ │ └─┬ is-my-json-valid@2.12.2
│ │ │ │   ├── generate-function@2.0.0
│ │ │ │   ├─┬ generate-object-property@1.2.0
│ │ │ │   │ └── is-property@1.0.2
│ │ │ │   ├── jsonpointer@2.0.0
│ │ │ │   └── xtend@4.0.0
│ │ │ ├─┬ hawk@3.1.0
│ │ │ │ ├── boom@2.8.0
│ │ │ │ ├── cryptiles@2.0.5
│ │ │ │ ├── hoek@2.16.2
│ │ │ │ └── sntp@1.0.9
│ │ │ ├─┬ http-signature@0.11.0
│ │ │ │ ├── asn1@0.1.11
│ │ │ │ ├── assert-plus@0.1.5
│ │ │ │ └── ctype@0.5.3
│ │ │ ├── isstream@0.1.2
│ │ │ ├── json-stringify-safe@5.0.1
│ │ │ ├─┬ mime-types@2.1.6
│ │ │ │ └── mime-db@1.18.0
│ │ │ ├── node-uuid@1.4.3
│ │ │ ├── oauth-sign@0.8.0
│ │ │ ├── qs@5.1.0
│ │ │ ├── stringstream@0.0.4
│ │ │ ├── tough-cookie@2.0.0
│ │ │ └── tunnel-agent@0.4.1
│ │ └── tar@1.0.3
│ ├── nopt@3.0.4
│ ├── normalize-git-url@3.0.1
│ ├─┬ normalize-package-data@2.3.4
│ │ └─┬ is-builtin-module@1.0.0
│ │   └── builtin-modules@1.1.0
│ ├── npm-cache-filename@1.0.2
│ ├── npm-install-checks@2.0.0
│ ├── npm-package-arg@4.0.2
│ ├─┬ npm-registry-client@7.0.7
│ │ └─┬ concat-stream@1.5.0
│ │   ├── readable-stream@2.0.2
│ │   └── typedarray@0.0.6
│ ├── npm-user-validate@0.1.2
│ ├─┬ npmlog@1.2.1
│ │ ├── ansi@0.3.0
│ │ ├─┬ are-we-there-yet@1.0.4
│ │ │ ├── delegates@0.1.0
│ │ │ └── readable-stream@1.1.13
│ │ └─┬ gauge@1.2.2
│ │   ├─┬ lodash.pad@3.1.1
│ │   │ ├── lodash._basetostring@3.0.1
│ │   │ └─┬ lodash._createpadding@3.6.1
│ │   │   └── lodash.repeat@3.0.1
│ │   ├── lodash.padleft@3.1.1
│ │   └── lodash.padright@3.1.1
│ ├── once@1.3.2
│ ├── opener@1.4.1
│ ├─┬ osenv@0.1.3
│ │ ├── os-homedir@1.0.1
│ │ └── os-tmpdir@1.0.1
│ ├── path-is-inside@1.0.1
│ ├─┬ read@1.0.7
│ │ └── mute-stream@0.0.5
│ ├── read-cmd-shim@1.0.1
│ ├─┬ read-installed@4.0.3
│ │ ├── debuglog@1.0.1
│ │ ├── readdir-scoped-modules@1.0.2
│ │ └── util-extend@1.0.1
│ ├─┬ read-package-json@2.0.1
│ │ └─┬ json-parse-helpfulerror@1.0.3
│ │   └── jju@1.2.1
│ ├── read-package-tree@5.1.0
│ ├── realize-package-specifier@3.0.1
│ ├── retry@0.8.0
│ ├── rimraf@2.4.3
│ ├── semver@5.0.3
│ ├─┬ sha@2.0.1
│ │ └─┬ readable-stream@2.0.2
│ │   ├── core-util-is@1.0.1
│ │   ├── isarray@0.0.1
│ │   ├── process-nextick-args@1.0.3
│ │   ├── string_decoder@0.10.31
│ │   └── util-deprecate@1.0.1
│ ├── slide@1.1.6
│ ├── sorted-object@1.0.0
│ ├─┬ tar@2.2.1
│ │ └── block-stream@0.0.8
│ ├── text-table@0.2.0
│ ├── uid-number@0.0.6
│ ├── umask@1.1.0
│ ├─┬ unique-filename@1.0.0
│ │ └── unique-slug@1.0.0
│ ├── unpipe@1.0.0
│ ├─┬ validate-npm-package-name@2.2.2
│ │ └── builtins@0.0.7
│ ├─┬ which@1.1.2
│ │ └─┬ is-absolute@0.1.7
│ │   └── is-relative@0.1.3
│ ├── wrappy@1.0.1
│ └── write-file-atomic@1.1.3
├─┬ npm-registry-client@0.2.28
│ ├── chownr@0.0.1 -> /usr/lib/node_modules/chownr
│ ├── graceful-fs@2.0.0 -> /usr/lib/node_modules/graceful-fs
│ ├── mkdirp@0.3.5 -> /usr/lib/node_modules/mkdirp
│ ├── request@2.25.0 -> /usr/lib/node_modules/request
│ ├── retry@0.6.0 -> /usr/lib/node_modules/retry
│ ├── rimraf@2.2.2 -> /usr/lib/node_modules/rimraf
│ ├── semver@2.1.0 -> /usr/lib/node_modules/semver
│ └── slide@1.1.5 -> /usr/lib/node_modules/slide
├── npm-user-validate@0.0.3
├─┬ npmconf@0.1.3
│ ├── config-chain@1.1.7 -> /usr/lib/node_modules/config-chain
│ ├── inherits@2.0.1 -> /usr/lib/node_modules/inherits@2
│ ├── ini@1.1.0 -> /usr/lib/node_modules/ini
│ ├── mkdirp@0.3.5 -> /usr/lib/node_modules/mkdirp
│ ├── nopt@2.1.2 -> /usr/lib/node_modules/nopt
│ ├── once@1.1.1 -> /usr/lib/node_modules/once
│ ├── osenv@0.0.3 -> /usr/lib/node_modules/osenv
│ └── semver@2.1.0 -> /usr/lib/node_modules/semver
├─┬ npmlog@0.0.4
│ └── ansi@0.2.1 -> /usr/lib/node_modules/ansi
├── oauth-sign@0.3.0
├── once@1.1.1
├── opener@1.3.0
├── osenv@0.0.3
├─┬ promzard@0.2.0
│ └── read@1.0.5
├── qs@0.6.6
├─┬ read-installed@0.2.4
│ ├── graceful-fs@2.0.0
│ ├── read-package-json@1.1.3 -> /usr/lib/node_modules/read-package-json
│ ├── semver@2.1.0 -> /usr/lib/node_modules/semver
│ └── slide@1.1.5 -> /usr/lib/node_modules/slide
├─┬ read-package-json@1.1.3
│ ├── glob@3.2.6 -> /usr/lib/node_modules/glob
│ ├── lru-cache@2.3.0 -> /usr/lib/node_modules/lru-cache
│ └── normalize-package-data@0.2.1 -> /usr/lib/node_modules/normalize-package-data
├─┬ request@2.25.0
│ ├── aws-sign@0.3.0 -> /usr/lib/node_modules/aws-sign
│ ├── cookie-jar@0.3.0 -> /usr/lib/node_modules/cookie-jar
│ ├── forever-agent@0.5.0 -> /usr/lib/node_modules/forever-agent
│ ├── form-data@0.1.1 -> /usr/lib/node_modules/form-data
│ ├── hawk@1.0.0 -> /usr/lib/node_modules/hawk
│ ├── http-signature@0.10.0 -> /usr/lib/node_modules/http-signature
│ ├── json-stringify-safe@5.0.0 -> /usr/lib/node_modules/json-stringify-safe
│ ├── mime@1.2.11 -> /usr/lib/node_modules/mime
│ ├── node-uuid@1.4.1 -> /usr/lib/node_modules/node-uuid
│ ├── oauth-sign@0.3.0 -> /usr/lib/node_modules/oauth-sign
│ ├── qs@0.6.6 -> /usr/lib/node_modules/qs
│ └── tunnel-agent@0.3.0 -> /usr/lib/node_modules/tunnel-agent
├── retry@0.6.0
├── rimraf@2.2.2
├── semver@2.1.0
├─┬ sha@1.2.1
│ ├── graceful-fs@2.0.0 -> /usr/lib/node_modules/graceful-fs
│ └── UNMET OPTIONAL DEPENDENCY readable-stream@1.0
├── sigmund@1.0.0
├── slide@1.1.5
├─┬ sntp@0.2.4
│ └── hoek@0.9.1 -> /usr/lib/node_modules/hoek
├─┬ tar@0.1.18
│ ├── block-stream@0.0.7 -> /usr/lib/node_modules/block-stream
│ ├── fstream@0.1.24 -> /usr/lib/node_modules/fstream
│ └── inherits@2.0.1 -> /usr/lib/node_modules/inherits@2
├── tunnel-agent@0.3.0
├── uid-number@0.0.3
└── which@1.0.5

-------------------------------------------------------------------------------
npm installing...
/var/www/apps/php/paperwork/frontend
├─┬ bower@1.5.3 
│ ├── abbrev@1.0.7 
│ ├── archy@1.0.0 
│ ├─┬ bower-config@0.6.1 
│ │ ├── graceful-fs@2.0.3 
│ │ ├── mout@0.9.1 
│ │ ├─┬ optimist@0.6.1 
│ │ │ ├── minimist@0.0.10 
│ │ │ └── wordwrap@0.0.3 
│ │ └── osenv@0.0.3 
│ ├── bower-endpoint-parser@0.2.2 
│ ├─┬ bower-json@0.4.0 
│ │ ├── deep-extend@0.2.11 
│ │ ├── graceful-fs@2.0.3 
│ │ └── intersect@0.0.3 
│ ├── bower-logger@0.2.2 
│ ├─┬ bower-registry-client@0.3.0 
│ │ ├── async@0.2.10 
│ │ ├── graceful-fs@2.0.3 
│ │ ├── lru-cache@2.3.1 
│ │ ├── mkdirp@0.3.5 
│ │ ├─┬ request@2.51.0 
│ │ │ ├── caseless@0.8.0 
│ │ │ ├─┬ hawk@1.1.1 
│ │ │ │ ├── boom@0.4.2 
│ │ │ │ ├── cryptiles@0.2.2 
│ │ │ │ ├── hoek@0.9.1 
│ │ │ │ └── sntp@0.2.4 
│ │ │ ├── mime-types@1.0.2 
│ │ │ └── oauth-sign@0.5.0 
│ │ ├── request-replay@0.2.0 
│ │ └── rimraf@2.2.8 
│ ├─┬ cardinal@0.4.4 
│ │ ├── ansicolors@0.2.1 
│ │ └─┬ redeyed@0.4.4 
│ │   └── esprima@1.0.4 
│ ├─┬ chalk@1.1.1 
│ │ ├── ansi-styles@2.1.0 
│ │ ├── escape-string-regexp@1.0.3 
│ │ ├─┬ has-ansi@2.0.0 
│ │ │ └── ansi-regex@2.0.0 
│ │ ├── strip-ansi@3.0.0 
│ │ └── supports-color@2.0.0 
│ ├── chmodr@0.1.0 
│ ├─┬ configstore@0.3.2 
│ │ ├─┬ js-yaml@3.4.2 
│ │ │ ├─┬ argparse@1.0.2 
│ │ │ │ └── sprintf-js@1.0.3 
│ │ │ └── esprima@2.2.0 
│ │ ├── object-assign@2.1.1 
│ │ ├─┬ osenv@0.1.3 
│ │ │ └── os-tmpdir@1.0.1 
│ │ ├── uuid@2.0.1 
│ │ └── xdg-basedir@1.0.1 
│ ├─┬ decompress-zip@0.1.0 
│ │ ├─┬ binary@0.3.0 
│ │ │ ├── buffers@0.1.1 
│ │ │ └─┬ chainsaw@0.1.0 
│ │ │   └── traverse@0.3.9 
│ │ ├── mkpath@0.1.0 
│ │ ├─┬ readable-stream@1.1.13 
│ │ │ ├── core-util-is@1.0.1 
│ │ │ ├── isarray@0.0.1 
│ │ │ └── string_decoder@0.10.31 
│ │ └─┬ touch@0.0.3 
│ │   └── nopt@1.0.10 
│ ├─┬ fstream@1.0.8 
│ │ ├── graceful-fs@4.1.2 
│ │ └── inherits@2.0.1 
│ ├─┬ fstream-ignore@1.0.2 
│ │ └── minimatch@2.0.10 
│ ├─┬ github@0.2.4 
│ │ └── mime@1.3.4 
│ ├─┬ glob@4.5.3 
│ │ ├─┬ inflight@1.0.4 
│ │ │ └── wrappy@1.0.1 
│ │ ├── minimatch@2.0.10 
│ │ └── once@1.3.2 
│ ├── graceful-fs@3.0.8 
│ ├─┬ handlebars@2.0.0 
│ │ ├── optimist@0.3.7 
│ │ └─┬ uglify-js@2.3.6 
│ │   └── optimist@0.3.7 
│ ├─┬ inquirer@0.8.0 
│ │ ├── ansi-regex@1.1.1 
│ │ ├─┬ chalk@0.5.1 
│ │ │ ├── ansi-styles@1.1.0 
│ │ │ ├─┬ has-ansi@0.1.0 
│ │ │ │ └── ansi-regex@0.2.1 
│ │ │ ├─┬ strip-ansi@0.3.0 
│ │ │ │ └── ansi-regex@0.2.1 
│ │ │ └── supports-color@0.2.0 
│ │ ├─┬ cli-color@0.3.3 
│ │ │ ├── d@0.1.1 
│ │ │ ├─┬ es5-ext@0.10.7 
│ │ │ │ ├── es6-iterator@0.1.3 
│ │ │ │ └── es6-symbol@2.0.1 
│ │ │ ├─┬ memoizee@0.3.9 
│ │ │ │ ├── es6-weak-map@0.1.4 
│ │ │ │ ├── event-emitter@0.3.3 
│ │ │ │ ├── lru-queue@0.1.0 
│ │ │ │ └── next-tick@0.2.2 
│ │ │ └── timers-ext@0.1.0 
│ │ ├── figures@1.4.0 
│ │ ├── lodash@2.4.2 
│ │ ├── mute-stream@0.0.4 
│ │ ├─┬ readline2@0.1.1 
│ │ │ └─┬ strip-ansi@2.0.1 
│ │ │   └── ansi-regex@1.1.1 
│ │ ├── rx@2.5.3 
│ │ └── through@2.3.8 
│ ├─┬ insight@0.7.0 
│ │ ├── async@1.4.2 
│ │ ├─┬ configstore@1.2.1 
│ │ │ ├── graceful-fs@4.1.2 
│ │ │ ├── object-assign@3.0.0 
│ │ │ ├── osenv@0.1.3 
│ │ │ ├─┬ write-file-atomic@1.1.3 
│ │ │ │ ├── graceful-fs@4.1.2 
│ │ │ │ └── slide@1.1.6 
│ │ │ └── xdg-basedir@2.0.0 
│ │ ├─┬ inquirer@0.10.1 
│ │ │ ├── ansi-escapes@1.1.0 
│ │ │ ├─┬ cli-cursor@1.0.2 
│ │ │ │ └─┬ restore-cursor@1.0.1 
│ │ │ │   ├── exit-hook@1.1.1 
│ │ │ │   └── onetime@1.0.0 
│ │ │ ├── cli-width@1.0.1 
│ │ │ ├─┬ readline2@1.0.1 
│ │ │ │ ├─┬ code-point-at@1.0.0 
│ │ │ │ │ └── number-is-nan@1.0.0 
│ │ │ │ ├── is-fullwidth-code-point@1.0.0 
│ │ │ │ └── mute-stream@0.0.5 
│ │ │ ├── run-async@0.1.0 
│ │ │ └── rx-lite@3.1.2 
│ │ ├─┬ lodash.debounce@3.1.1 
│ │ │ └── lodash._getnative@3.9.1 
│ │ ├── object-assign@4.0.1 
│ │ ├─┬ os-name@1.0.3 
│ │ │ ├─┬ osx-release@1.1.0 
│ │ │ │ └── minimist@1.2.0 
│ │ │ └─┬ win-release@1.1.1 
│ │ │   └── semver@5.0.3 
│ │ └── tough-cookie@2.0.0 
│ ├── is-root@1.0.0 
│ ├── junk@1.0.2 
│ ├── lockfile@1.0.1 
│ ├── lru-cache@2.7.0 
│ ├─┬ md5-hex@1.1.0 
│ │ └── md5-o-matic@0.1.1 
│ ├─┬ mkdirp@0.5.0 
│ │ └── minimist@0.0.8 
│ ├── mout@0.11.0 
│ ├── nopt@3.0.4 
│ ├── opn@1.0.2 
│ ├─┬ p-throttler@0.1.1 
│ │ └── q@0.9.7 
│ ├─┬ promptly@0.2.0 
│ │ └── read@1.0.7 
│ ├── q@1.4.1 
│ ├─┬ request@2.53.0 
│ │ ├── aws-sign2@0.5.0 
│ │ ├── bl@0.9.4 
│ │ ├── caseless@0.9.0 
│ │ ├─┬ combined-stream@0.0.7 
│ │ │ └── delayed-stream@0.0.5 
│ │ ├── forever-agent@0.5.2 
│ │ ├─┬ form-data@0.2.0 
│ │ │ ├── async@0.9.2 
│ │ │ └── mime-types@2.0.14 
│ │ ├─┬ hawk@2.3.1 
│ │ │ ├── boom@2.9.0 
│ │ │ ├── cryptiles@2.0.5 
│ │ │ ├── hoek@2.16.3 
│ │ │ └── sntp@1.0.9 
│ │ ├─┬ http-signature@0.10.1 
│ │ │ ├── asn1@0.1.11 
│ │ │ ├── assert-plus@0.1.5 
│ │ │ └── ctype@0.5.3 
│ │ ├── isstream@0.1.2 
│ │ ├── json-stringify-safe@5.0.1 
│ │ ├─┬ mime-types@2.0.14 
│ │ │ └── mime-db@1.12.0 
│ │ ├── node-uuid@1.4.3 
│ │ ├── oauth-sign@0.6.0 
│ │ ├── qs@2.3.3 
│ │ ├── stringstream@0.0.4 
│ │ └── tunnel-agent@0.4.1 
│ ├─┬ request-progress@0.3.1 
│ │ └── throttleit@0.0.2 
│ ├── retry@0.6.1 
│ ├─┬ rimraf@2.4.3 
│ │ └─┬ glob@5.0.15 
│ │   ├── minimatch@3.0.0 
│ │   └── path-is-absolute@1.0.0 
│ ├── semver@2.3.2 
│ ├─┬ shell-quote@1.4.3 
│ │ ├── array-filter@0.0.1 
│ │ ├── array-map@0.0.0 
│ │ ├── array-reduce@0.0.0 
│ │ └── jsonify@0.0.0 
│ ├── stringify-object@1.0.1 
│ ├─┬ tar-fs@1.8.1 
│ │ ├─┬ pump@1.0.0 
│ │ │ └── end-of-stream@1.1.0 
│ │ └─┬ tar-stream@1.2.1 
│ │   ├── bl@1.0.0 
│ │   └─┬ readable-stream@2.0.2 
│ │     ├── process-nextick-args@1.0.3 
│ │     └── util-deprecate@1.0.1 
│ ├── tmp@0.0.24 
│ ├─┬ update-notifier@0.3.2 
│ │ ├── is-npm@1.0.0 
│ │ ├─┬ latest-version@1.0.1 
│ │ │ └─┬ package-json@1.2.0 
│ │ │   ├─┬ got@3.3.1 
│ │ │   │ ├─┬ duplexify@3.4.2 
│ │ │   │ │ ├── end-of-stream@1.0.0 
│ │ │   │ │ └── readable-stream@2.0.2 
│ │ │   │ ├── infinity-agent@2.0.3 
│ │ │   │ ├── is-redirect@1.0.0 
│ │ │   │ ├── is-stream@1.0.1 
│ │ │   │ ├── lowercase-keys@1.0.0 
│ │ │   │ ├── nested-error-stacks@1.0.1 
│ │ │   │ ├── object-assign@3.0.0 
│ │ │   │ ├── prepend-http@1.0.3 
│ │ │   │ ├─┬ read-all-stream@3.0.1 
│ │ │   │ │ ├─┬ pinkie-promise@1.0.0 
│ │ │   │ │ │ └── pinkie@1.0.0 
│ │ │   │ │ └── readable-stream@2.0.2 
│ │ │   │ └── timed-out@2.0.0 
│ │ │   └─┬ registry-url@3.0.3 
│ │ │     └─┬ rc@1.1.1 
│ │ │       ├── ini@1.3.4 
│ │ │       ├── minimist@1.2.0 
│ │ │       └── strip-json-comments@0.1.3 
│ │ └─┬ semver-diff@2.0.0 
│ │   └── semver@4.3.6 
│ ├── user-home@1.1.1 
│ └─┬ which@1.1.2 
│   └─┬ is-absolute@0.1.7 
│     └── is-relative@0.1.3 
├─┬ gulp@3.9.0 
│ ├── deprecated@0.0.1 
│ ├─┬ gulp-util@3.0.6 
│ │ ├── array-differ@1.0.0 
│ │ ├── array-uniq@1.0.2 
│ │ ├── beeper@1.1.0 
│ │ ├─┬ dateformat@1.0.11 
│ │ │ ├── get-stdin@5.0.0 
│ │ │ └─┬ meow@3.3.0 
│ │ │   ├─┬ camelcase-keys@1.0.0 
│ │ │   │ ├── camelcase@1.2.1 
│ │ │   │ └── map-obj@1.0.1 
│ │ │   ├─┬ indent-string@1.2.2 
│ │ │   │ ├── get-stdin@4.0.1 
│ │ │   │ ├── minimist@1.2.0 
│ │ │   │ └─┬ repeating@1.1.3 
│ │ │   │   └── is-finite@1.0.1 
│ │ │   ├── minimist@1.2.0 
│ │ │   └── object-assign@3.0.0 
│ │ ├── lodash._reescape@3.0.0 
│ │ ├── lodash._reevaluate@3.0.0 
│ │ ├── lodash._reinterpolate@3.0.0 
│ │ ├─┬ lodash.template@3.6.2 
│ │ │ ├── lodash._basecopy@3.0.1 
│ │ │ ├── lodash._basetostring@3.0.1 
│ │ │ ├── lodash._basevalues@3.0.0 
│ │ │ ├── lodash._isiterateecall@3.0.9 
│ │ │ ├── lodash.escape@3.0.0 
│ │ │ ├── lodash.restparam@3.6.1 
│ │ │ └── lodash.templatesettings@3.1.0 
│ │ ├── minimist@1.2.0 
│ │ ├─┬ multipipe@0.1.2 
│ │ │ └─┬ duplexer2@0.0.2 
│ │ │   └── readable-stream@1.1.13 
│ │ ├── object-assign@3.0.0 
│ │ ├── replace-ext@0.0.1 
│ │ ├─┬ through2@2.0.0 
│ │ │ └── readable-stream@2.0.2 
│ │ └─┬ vinyl@0.5.3 
│ │   ├── clone@1.0.2 
│ │   └── clone-stats@0.0.1 
│ ├── interpret@0.6.6 
│ ├─┬ liftoff@2.2.0 
│ │ ├── extend@2.0.1 
│ │ ├─┬ findup-sync@0.3.0 
│ │ │ └── glob@5.0.15 
│ │ ├── flagged-respawn@0.3.1 
│ │ ├── rechoir@0.6.2 
│ │ └── resolve@1.1.6 
│ ├── minimist@1.2.0 
│ ├─┬ orchestrator@0.3.7 
│ │ ├── end-of-stream@0.1.5 
│ │ ├── sequencify@0.0.7 
│ │ └── stream-consume@0.1.0 
│ ├── pretty-hrtime@1.0.1 
│ ├── semver@4.3.6 
│ ├─┬ tildify@1.1.1 
│ │ └── os-homedir@1.0.1 
│ ├── v8flags@2.0.10 
│ └─┬ vinyl-fs@0.3.14 
│   ├─┬ defaults@1.0.2 
│   │ └── clone@0.1.19 
│   ├─┬ glob-stream@3.1.18 
│   │ ├─┬ glob2base@0.0.12 
│   │ │ └── find-index@0.1.1 
│   │ ├── minimatch@2.0.10 
│   │ ├── ordered-read-streams@0.1.0 
│   │ ├── through2@0.6.5 
│   │ └── unique-stream@1.0.0 
│   ├─┬ glob-watcher@0.0.6 
│   │ └─┬ gaze@0.5.1 
│   │   └─┬ globule@0.1.0 
│   │     ├─┬ glob@3.1.21 
│   │     │ ├── graceful-fs@1.2.3 
│   │     │ └── inherits@1.0.2 
│   │     ├── lodash@1.0.2 
│   │     └── minimatch@0.2.14 
│   ├─┬ strip-bom@1.0.0 
│   │ ├── first-chunk-stream@1.0.0 
│   │ └── is-utf8@0.2.0 
│   ├── through2@0.6.5 
│   └─┬ vinyl@0.4.6 
│     └── clone@0.2.0 
├─┬ gulp-bower@0.0.10 
│ ├─┬ gulp-util@3.0.1 
│ │ ├─┬ chalk@0.5.1 
│ │ │ ├── ansi-styles@1.1.0 
│ │ │ ├─┬ has-ansi@0.1.0 
│ │ │ │ └── ansi-regex@0.2.1 
│ │ │ ├── strip-ansi@0.3.0 
│ │ │ └── supports-color@0.2.0 
│ │ ├── lodash@2.4.2 
│ │ ├── lodash._reinterpolate@2.4.1 
│ │ ├─┬ lodash.template@2.4.1 
│ │ │ ├── lodash._escapestringchar@2.4.1 
│ │ │ ├─┬ lodash.escape@2.4.1 
│ │ │ │ ├─┬ lodash._escapehtmlchar@2.4.1 
│ │ │ │ │ └── lodash._htmlescapes@2.4.1 
│ │ │ │ └─┬ lodash._reunescapedhtml@2.4.1 
│ │ │ │   └── lodash.keys@2.4.1 
│ │ │ ├── lodash.keys@2.4.1 
│ │ │ ├── lodash.templatesettings@2.4.1 
│ │ │ └─┬ lodash.values@2.4.1 
│ │ │   └── lodash.keys@2.4.1 
│ │ ├── minimist@1.2.0 
│ │ └─┬ vinyl@0.4.6 
│ │   └── clone@0.2.0 
│ ├─┬ through2@0.6.2 
│ │ ├── readable-stream@1.0.33 
│ │ └── xtend@4.0.0 
│ └─┬ walk@2.3.3 
│   └── foreachasync@3.0.0 
├─┬ gulp-concat@2.6.0 
│ ├─┬ concat-with-sourcemaps@1.0.4 
│ │ └── source-map@0.5.1 
│ └── through2@0.6.5 
├─┬ gulp-jshint@1.11.2 
│ ├─┬ jshint@2.8.0 
│ │ ├─┬ cli@0.6.6 
│ │ │ └─┬ glob@3.2.11 
│ │ │   └─┬ minimatch@0.3.0 
│ │ │     └── sigmund@1.0.1 
│ │ ├─┬ console-browserify@1.1.0 
│ │ │ └── date-now@0.1.4 
│ │ ├── exit@0.1.2 
│ │ ├─┬ htmlparser2@3.8.3 
│ │ │ ├── domelementtype@1.3.0 
│ │ │ ├── domhandler@2.3.0 
│ │ │ ├─┬ domutils@1.5.1 
│ │ │ │ └─┬ dom-serializer@0.1.0 
│ │ │ │   ├── domelementtype@1.1.3 
│ │ │ │   └── entities@1.1.1 
│ │ │ ├── entities@1.0.0 
│ │ │ └── readable-stream@1.1.13 
│ │ ├── lodash@3.7.0 
│ │ ├── minimatch@2.0.10 
│ │ ├── shelljs@0.3.0 
│ │ └── strip-json-comments@1.0.4 
│ ├── lodash@3.10.1 
│ ├─┬ minimatch@2.0.10 
│ │ └─┬ brace-expansion@1.1.1 
│ │   ├── balanced-match@0.2.0 
│ │   └── concat-map@0.0.1 
│ ├─┬ rcloader@0.1.2 
│ │ ├── lodash@2.4.2 
│ │ └─┬ rcfinder@0.1.8 
│ │   └── lodash@2.4.2 
│ └── through2@0.6.5 
├─┬ gulp-less@2.0.1 
│ ├── convert-source-map@0.4.1 
│ ├─┬ less@2.5.3 
│ │ ├─┬ errno@0.1.4 
│ │ │ └── prr@0.0.0 
│ │ ├── image-size@0.3.5 
│ │ ├─┬ promise@6.1.0 
│ │ │ └── asap@1.0.0 
│ │ └─┬ source-map@0.4.4 
│ │   └── amdefine@1.0.0 
│ ├─┬ lodash.defaults@2.4.1 
│ │ ├── lodash._objecttypes@2.4.1 
│ │ └─┬ lodash.keys@2.4.1 
│ │   ├── lodash._isnative@2.4.1 
│ │   ├── lodash._shimkeys@2.4.1 
│ │   └── lodash.isobject@2.4.1 
│ ├── through2@0.6.5 
│ └─┬ vinyl-sourcemaps-apply@0.1.4 
│   └── source-map@0.1.43 
├─┬ gulp-livereload@3.8.1 
│ ├─┬ chalk@0.5.1 
│ │ ├── ansi-styles@1.1.0 
│ │ ├─┬ has-ansi@0.1.0 
│ │ │ └── ansi-regex@0.2.1 
│ │ ├── strip-ansi@0.3.0 
│ │ └── supports-color@0.2.0 
│ ├─┬ debug@2.2.0 
│ │ └── ms@0.7.1 
│ ├─┬ event-stream@3.3.1 
│ │ ├── duplexer@0.1.1 
│ │ ├── from@0.1.3 
│ │ ├── map-stream@0.1.0 
│ │ ├── pause-stream@0.0.11 
│ │ ├── split@0.3.3 
│ │ └── stream-combiner@0.0.4 
│ ├─┬ lodash.assign@3.2.0 
│ │ ├── lodash._baseassign@3.2.0 
│ │ ├─┬ lodash._createassigner@3.1.1 
│ │ │ └── lodash._bindcallback@3.0.1 
│ │ └─┬ lodash.keys@3.1.2 
│ │   ├── lodash.isarguments@3.0.4 
│ │   └── lodash.isarray@3.0.4 
│ └─┬ mini-lr@0.1.8 
│   ├─┬ body-parser@1.14.1 
│   │ ├── bytes@2.1.0 
│   │ ├── content-type@1.0.1 
│   │ ├── depd@1.1.0 
│   │ ├─┬ http-errors@1.3.1 
│   │ │ └── statuses@1.2.1 
│   │ ├── iconv-lite@0.4.12 
│   │ ├─┬ on-finished@2.3.0 
│   │ │ └── ee-first@1.1.1 
│   │ ├── qs@5.1.0 
│   │ ├─┬ raw-body@2.1.4 
│   │ │ └── unpipe@1.0.0 
│   │ └─┬ type-is@1.6.9 
│   │   ├── media-typer@0.3.0 
│   │   └─┬ mime-types@2.1.7 
│   │     └── mime-db@1.19.0 
│   ├─┬ debug@2.0.0 
│   │ └── ms@0.6.2 
│   ├─┬ faye-websocket@0.7.3 
│   │ └─┬ websocket-driver@0.6.2 
│   │   └── websocket-extensions@0.1.1 
│   ├── livereload-js@2.2.2 
│   ├── parseurl@1.3.0 
│   └── qs@2.2.5 
├─┬ gulp-ng-annotate@0.5.3 
│ ├── bufferstreams@0.0.2 
│ ├─┬ gulp-util@2.2.20 
│ │ ├─┬ chalk@0.5.1 
│ │ │ ├── ansi-styles@1.1.0 
│ │ │ ├─┬ has-ansi@0.1.0 
│ │ │ │ └── ansi-regex@0.2.1 
│ │ │ ├── strip-ansi@0.3.0 
│ │ │ └── supports-color@0.2.0 
│ │ ├── lodash._reinterpolate@2.4.1 
│ │ ├─┬ lodash.template@2.4.1 
│ │ │ ├── lodash.escape@2.4.1 
│ │ │ ├── lodash.keys@2.4.1 
│ │ │ └── lodash.templatesettings@2.4.1 
│ │ ├── minimist@0.2.0 
│ │ ├─┬ through2@0.5.1 
│ │ │ └── xtend@3.0.0 
│ │ └── vinyl@0.2.3 
│ ├── merge@1.2.0 
│ ├─┬ ng-annotate@0.15.4 
│ │ ├── acorn@0.11.0 
│ │ ├── alter@0.2.0 
│ │ ├─┬ ordered-ast-traverse@1.1.1 
│ │ │ └── ordered-esprima-props@1.1.0 
│ │ ├── simple-fmt@0.1.0 
│ │ ├── simple-is@0.2.0 
│ │ ├── stable@0.1.5 
│ │ ├── stringmap@0.2.2 
│ │ ├── stringset@0.2.1 
│ │ └── tryor@0.1.2 
│ └─┬ through2@0.4.2 
│   └─┬ xtend@2.1.2 
│     └── object-keys@0.4.0 
├── gulp-rename@1.2.2 
├─┬ gulp-uglify@1.1.0 
│ ├── deepmerge@0.2.10 
│ ├── through2@0.6.5 
│ └─┬ uglify-js@2.4.16 
│   ├── optimist@0.3.7 
│   ├── source-map@0.1.34 
│   └── uglify-to-browserify@1.0.2 
└─┬ jshint-stylish@2.0.1 
  ├── log-symbols@1.0.2 
  ├── plur@1.0.0 
  ├── string-length@1.0.1 
  └── text-table@0.2.0 

-------------------------------------------------------------------------------
bower installing...
bower angular#~1.2              cached git://github.com/angular/bower-angular.git#1.2.29
bower angular#~1.2            validate 1.2.29 against git://github.com/angular/bower-angular.git#~1.2
bower angular-animate#~1.2      cached git://github.com/angular/bower-angular-animate.git#1.2.29
bower angular-animate#~1.2    validate 1.2.29 against git://github.com/angular/bower-angular-animate.git#~1.2
bower angular-route#~1.2        cached git://github.com/angular/bower-angular-route.git#1.2.29
bower angular-route#~1.2      validate 1.2.29 against git://github.com/angular/bower-angular-route.git#~1.2
bower angular-resource#~1.2     cached git://github.com/angular/bower-angular-resource.git#1.2.29
bower angular-resource#~1.2   validate 1.2.29 against git://github.com/angular/bower-angular-resource.git#~1.2
bower angular-file-upload#1.1.5 cached git://github.com/nervgh/angular-file-upload.git#1.1.5
bower angular-file-upload#1.1.5         validate 1.1.5 against git://github.com/nervgh/angular-file-upload.git#1.1.5
bower jquery#~1.11                        cached git://github.com/jquery/jquery.git#1.11.3
bower jquery#~1.11                      validate 1.11.3 against git://github.com/jquery/jquery.git#~1.11
bower angular-utf8-base64#~0.0.5          cached git://github.com/stranger82/angular-utf8-base64.git#0.0.5
bower angular-utf8-base64#~0.0.5        validate 0.0.5 against git://github.com/stranger82/angular-utf8-base64.git#~0.0.5
bower ngDraggable#~0.1.3                  cached git://github.com/fatlinesofcode/ngDraggable.git#0.1.8
bower ngDraggable#~0.1.3                validate 0.1.8 against git://github.com/fatlinesofcode/ngDraggable.git#~0.1.3
bower html5shiv#~3.7.2                    cached git://github.com/aFarkas/html5shiv.git#3.7.3
bower html5shiv#~3.7.2                  validate 3.7.3 against git://github.com/aFarkas/html5shiv.git#~3.7.2
bower respond#~1.4.2                      cached git://github.com/scottjehl/Respond.git#1.4.2
bower respond#~1.4.2                    validate 1.4.2 against git://github.com/scottjehl/Respond.git#~1.4.2
bower jquery-overscroll-fixed#~1.7.7      cached git://github.com/azoff/overscroll.git#1.7.7
bower jquery-overscroll-fixed#~1.7.7    validate 1.7.7 against git://github.com/azoff/overscroll.git#~1.7.7
bower angular-ui-bootstrap-bower#~0.12.1  cached git://github.com/angular-ui/bootstrap-bower.git#0.12.1
bower angular-ui-bootstrap-bower#~0.12.1         validate 0.12.1 against git://github.com/angular-ui/bootstrap-bower.git#~0.12.1
bower bootstrap#~3.3.4                             cached git://github.com/twbs/bootstrap.git#3.3.5
bower bootstrap#~3.3.4                           validate 3.3.5 against git://github.com/twbs/bootstrap.git#~3.3.4
bower jquery.scrollTo#~2.1.0                       cached git://github.com/flesler/jquery.scrollTo.git#2.1.2
bower jquery.scrollTo#~2.1.0                     validate 2.1.2 against git://github.com/flesler/jquery.scrollTo.git#~2.1.0
bower retinajs#~1.3.0                              cached git://github.com/imulus/retinajs.git#1.3.0
bower retinajs#~1.3.0                            validate 1.3.0 against git://github.com/imulus/retinajs.git#~1.3.0
bower bootstrap-tagsinput#~0.4.2                   cached git://github.com/TimSchlechter/bootstrap-tagsinput.git#0.4.2
bower bootstrap-tagsinput#~0.4.2                 validate 0.4.2 against git://github.com/TimSchlechter/bootstrap-tagsinput.git#~0.4.2
bower typeahead.js#~0.10.5                         cached git://github.com/twitter/typeahead.js.git#0.10.5
bower typeahead.js#~0.10.5                       validate 0.10.5 against git://github.com/twitter/typeahead.js.git#~0.10.5
bower bootstrap3-ie10-viewport-bug-workaround#~1.0.0           cached git://github.com/Haixing-Hu/bootstrap3-ie10-viewport-bug-workaround.git#1.0.0
bower bootstrap3-ie10-viewport-bug-workaround#~1.0.0         validate 1.0.0 against git://github.com/Haixing-Hu/bootstrap3-ie10-viewport-bug-workaround.git#~1.0.0
bower angular-loading-bar#~0.7.1                               cached git://github.com/chieffancypants/angular-loading-bar.git#0.7.1
bower angular-loading-bar#~0.7.1                             validate 0.7.1 against git://github.com/chieffancypants/angular-loading-bar.git#~0.7.1
bower placeholders#~4.0.1                                      cached git://github.com/jamesallardice/Placeholders.js.git#4.0.1
bower placeholders#~4.0.1                                    validate 4.0.1 against git://github.com/jamesallardice/Placeholders.js.git#~4.0.1
bower textAngular#~1.3.0                                       cached git://github.com/fraywing/textAngular.git#1.3.11
bower textAngular#~1.3.0                                     validate 1.3.11 against git://github.com/fraywing/textAngular.git#~1.3.0
bower angular-highlightjs#~0.4.3                               cached git://github.com/pc035860/angular-highlightjs.git#0.4.3
bower angular-highlightjs#~0.4.3                             validate 0.4.3 against git://github.com/pc035860/angular-highlightjs.git#~0.4.3
bower x-editable#1.5.0                                         cached git://github.com/vitalets/x-editable.git#1.5.0
bower x-editable#1.5.0                                       validate 1.5.0 against git://github.com/vitalets/x-editable.git#1.5.0
bower es5-shim#>=3.4.0                                         cached git://github.com/es-shims/es5-shim.git#4.1.13
bower es5-shim#>=3.4.0                                       validate 4.1.13 against git://github.com/es-shims/es5-shim.git#>=3.4.0
bower jquery#>=2.1.0                                           cached git://github.com/jquery/jquery.git#2.1.4
bower jquery#>=2.1.0                                         validate 2.1.4 against git://github.com/jquery/jquery.git#>=2.1.0
bower bootstrap#>=3.0.0                                        cached git://github.com/twbs/bootstrap.git#3.3.5
bower bootstrap#>=3.0.0                                      validate 3.3.5 against git://github.com/twbs/bootstrap.git#>=3.0.0
bower bootstrap-css-only#^3.0.x                                cached git://github.com/fyockm/bootstrap-css-only.git#3.3.5
bower bootstrap-css-only#^3.0.x                              validate 3.3.5 against git://github.com/fyockm/bootstrap-css-only.git#^3.0.x
bower font-awesome#^4.0.x                                      cached git://github.com/FortAwesome/Font-Awesome.git#4.4.0
bower font-awesome#^4.0.x                                    validate 4.4.0 against git://github.com/FortAwesome/Font-Awesome.git#^4.0.x
bower rangy#^1.2.0                                             cached git://github.com/timdown/rangy-release.git#1.3.0
bower rangy#^1.2.0                                           validate 1.3.0 against git://github.com/timdown/rangy-release.git#^1.2.0

Please note that,
    bootstrap#3.3.5, bootstrap#3.3.5 depends on jquery#>= 1.9.1 which resolved to jquery#1.11.3
    Paperwork depends on jquery#~1.11 which resolved to jquery#1.11.3
    jquery.scrollTo#2.1.2 depends on jquery#>=1.8 which resolved to jquery#1.11.3
    typeahead.js#0.10.5 depends on jquery#>=1.7 which resolved to jquery#1.11.3
    x-editable#1.5.0 depends on jquery#>=1.6 which resolved to jquery#1.11.3
    jquery-overscroll-fixed#1.7.7 depends on jquery#>=2.1.0 which resolved to jquery#2.1.4
    bootstrap-tagsinput#0.4.2 depends on jquery#~2.1.1 which resolved to jquery#2.1.4
Resort to using jquery#~1.11 which resolved to jquery#1.11.3
Code incompatibilities may occur.

bower angular-file-upload#1.1.5                               install angular-file-upload#1.1.5
bower angular#~1.2                                            install angular#1.2.29
bower angular-utf8-base64#~0.0.5                              install angular-utf8-base64#0.0.5
bower jquery#>= 1.9.1                                         install jquery#1.11.3
bower angular-resource#~1.2                                   install angular-resource#1.2.29
bower angular-route#~1.2                                      install angular-route#1.2.29
bower angular-animate#~1.2                                    install angular-animate#1.2.29
bower angular-ui-bootstrap-bower#~0.12.1                      install angular-ui-bootstrap-bower#0.12.1
bower jquery-overscroll-fixed#~1.7.7                          install jquery-overscroll-fixed#1.7.7
bower respond#~1.4.2                                          install respond#1.4.2
bower html5shiv#~3.7.2                                        install html5shiv#3.7.3
bower ngDraggable#~0.1.3                                      install ngDraggable#0.1.8
bower jquery.scrollTo#~2.1.0                                  install jquery.scrollTo#2.1.2
bower retinajs#~1.3.0                                         install retinajs#1.3.0
bower bootstrap-tagsinput#~0.4.2                              install bootstrap-tagsinput#0.4.2
bower typeahead.js#~0.10.5                                    install typeahead.js#0.10.5
bower bootstrap3-ie10-viewport-bug-workaround#~1.0.0          install bootstrap3-ie10-viewport-bug-workaround#1.0.0
bower placeholders#~4.0.1                                     install placeholders#4.0.1
bower angular-loading-bar#~0.7.1                              install angular-loading-bar#0.7.1
bower angular-highlightjs#~0.4.3                              install angular-highlightjs#0.4.3
bower textAngular#~1.3.0                                      install textAngular#1.3.11
bower bootstrap#>=3.0.0                                       install bootstrap#3.3.5
bower x-editable#1.5.0                                        install x-editable#1.5.0
bower es5-shim#>=3.4.0                                        install es5-shim#4.1.13
bower bootstrap-css-only#^3.0.x                               install bootstrap-css-only#3.3.5
bower rangy#^1.2.0                                            install rangy#1.3.0
bower font-awesome#^4.0.x                                     install font-awesome#4.4.0

angular-file-upload#1.1.5 app/js/bower_components/angular-file-upload
├── angular#1.2.29
└── es5-shim#4.1.13

angular#1.2.29 app/js/bower_components/angular

angular-utf8-base64#0.0.5 app/js/bower_components/angular-utf8-base64
└── angular#1.2.29

jquery#1.11.3 app/js/bower_components/jquery

angular-resource#1.2.29 app/js/bower_components/angular-resource
└── angular#1.2.29

angular-route#1.2.29 app/js/bower_components/angular-route
└── angular#1.2.29

angular-animate#1.2.29 app/js/bower_components/angular-animate
└── angular#1.2.29

angular-ui-bootstrap-bower#0.12.1 app/js/bower_components/angular-ui-bootstrap-bower
└── angular#1.2.29

jquery-overscroll-fixed#1.7.7 app/js/bower_components/jquery-overscroll-fixed
└── jquery#1.11.3

respond#1.4.2 app/js/bower_components/respond

html5shiv#3.7.3 app/js/bower_components/html5shiv

ngDraggable#0.1.8 app/js/bower_components/ngDraggable
└── angular#1.2.29

jquery.scrollTo#2.1.2 app/js/bower_components/jquery.scrollTo
└── jquery#1.11.3

retinajs#1.3.0 app/js/bower_components/retinajs

bootstrap-tagsinput#0.4.2 app/js/bower_components/bootstrap-tagsinput
└── jquery#1.11.3

typeahead.js#0.10.5 app/js/bower_components/typeahead.js
└── jquery#1.11.3

bootstrap3-ie10-viewport-bug-workaround#1.0.0 app/js/bower_components/bootstrap3-ie10-viewport-bug-workaround
└── bootstrap#3.3.5

placeholders#4.0.1 app/js/bower_components/placeholders

angular-loading-bar#0.7.1 app/js/bower_components/angular-loading-bar
└── angular#1.2.29

angular-highlightjs#0.4.3 app/js/bower_components/angular-highlightjs
└── angular#1.2.29

textAngular#1.3.11 app/js/bower_components/textAngular
├── angular#1.2.29
├── bootstrap-css-only#3.3.5
├── font-awesome#4.4.0
└── rangy#1.3.0

bootstrap#3.3.5 app/js/bower_components/bootstrap
└── jquery#1.11.3

x-editable#1.5.0 app/js/bower_components/x-editable
└── jquery#1.11.3

es5-shim#4.1.13 app/js/bower_components/es5-shim

bootstrap-css-only#3.3.5 app/js/bower_components/bootstrap-css-only

rangy#1.3.0 app/js/bower_components/rangy

font-awesome#4.4.0 app/js/bower_components/font-awesome
-------------------------------------------------------------------------------
Running gulp
[21:30:50] Using gulpfile /var/www/apps/php/paperwork/frontend/gulpfile.js
[21:30:50] Starting 'compileLessBootstrapTheme'...
[21:30:50] Finished 'compileLessBootstrapTheme' after 12 ms
[21:30:50] Starting 'compileLessPaperworkThemeV1'...
[21:30:50] Finished 'compileLessPaperworkThemeV1' after 3.24 ms
[21:30:50] Starting 'compileLessFreqselector'...
[21:30:50] Finished 'compileLessFreqselector' after 2.2 ms
[21:30:50] Starting 'compileLessTypeahead'...
[21:30:50] Finished 'compileLessTypeahead' after 2.35 ms
[21:30:50] Starting 'less'...
[21:30:50] Finished 'less' after 11 μs
[21:30:50] Starting 'lint'...
[21:30:50] Finished 'lint' after 38 ms
[21:30:50] Starting 'compileJsBootstrap'...
[21:30:50] Finished 'compileJsBootstrap' after 2.61 ms
[21:30:50] Starting 'compileJsPaperwork'...
[21:30:50] Finished 'compileJsPaperwork' after 2.25 ms
[21:30:50] Starting 'compileJsPaperworkNative'...
[21:30:50] Finished 'compileJsPaperworkNative' after 2.29 ms
[21:30:50] Starting 'compileJsAngular'...
[21:30:50] Finished 'compileJsAngular' after 5.81 ms
[21:30:50] Starting 'compileJsJquery'...
[21:30:50] Finished 'compileJsJquery' after 1.87 ms
[21:30:50] Starting 'compileJsTagsinput'...
[21:30:50] Finished 'compileJsTagsinput' after 1.97 ms
[21:30:50] Starting 'compileJsLibraries'...
[21:30:50] Finished 'compileJsLibraries' after 5.33 ms
[21:30:50] Starting 'compileJsLtIe9Compat'...
[21:30:50] Finished 'compileJsLtIe9Compat' after 2.36 ms
[21:30:50] Starting 'compileJsLtIe11Compat'...
[21:30:50] Finished 'compileJsLtIe11Compat' after 1.5 ms
[21:30:50] Starting 'js'...
[21:30:50] Finished 'js' after 8.81 μs
[21:30:50] Starting 'concatLibCSS'...
[21:30:50] Finished 'concatLibCSS' after 1.36 ms
[21:30:50] Starting 'default'...
[21:30:50] Finished 'default' after 13 μs
-------------------------------------------------------------------------------
Setting filesystem ownership for directory /var/www/apps/php/paperwork.
-------------------------------------------------------------------------------
Complete!
